2020-04-19 19:04:593 INFO  BrowserSelector :21 - Launching Chrome Browser
2020-04-19 19:04:379 INFO  HomePage :35 - clicking on accept tab : [[ChromeDriver: chrome on WINDOWS (28b7a4c4788d9dfe0c6396cee0eb03b4)] -> xpath: //span[@class="button-text"]]
2020-04-19 19:04:613 INFO  AccountPage :29 - clicking on account link : [[ChromeDriver: chrome on WINDOWS (28b7a4c4788d9dfe0c6396cee0eb03b4)] -> xpath: //button[@id='header-account-menu']]
2020-04-19 19:04:179 INFO  AccountPage :35 - clicking on sign in tab :[[ChromeDriver: chrome on WINDOWS (28b7a4c4788d9dfe0c6396cee0eb03b4)] -> id: header-account-signin-button]
2020-04-19 19:04:772 INFO  SignInPage :40 - entering email addressRocky123@yahoo.com to email field [[ChromeDriver: chrome on WINDOWS (28b7a4c4788d9dfe0c6396cee0eb03b4)] -> xpath: //label[contains(@class,'text')]//input[contains(@name,'signin-loginid')]]
2020-04-19 19:04:343 INFO  SignInPage :46 - entering passwordChinki123 to password field [[ChromeDriver: chrome on WINDOWS (28b7a4c4788d9dfe0c6396cee0eb03b4)] -> xpath: //fieldset[contains(@class,'no-padding')]//input[contains(@class,'clear-btn-input')]]
2020-04-19 19:04:671 INFO  SignInPage :52 - Clicking on sign in button : [[ChromeDriver: chrome on WINDOWS (28b7a4c4788d9dfe0c6396cee0eb03b4)] -> id: gss-signin-submit]
2020-04-19 19:04:729 INFO  SignInPage :57 - Getting error message  [[ChromeDriver: chrome on WINDOWS (28b7a4c4788d9dfe0c6396cee0eb03b4)] -> id: gss-signin-incorrect-email-or-password]
2020-04-20 06:04:624 INFO  BrowserSelector :21 - Launching Chrome Browser
2020-04-20 06:04:583 INFO  HomePage :35 - clicking on accept tab : [[ChromeDriver: chrome on WINDOWS (f0414a11ff26e4bb3f682bdf2a817238)] -> xpath: //span[@class="button-text"]]
2020-04-20 06:04:758 INFO  AccountPage :29 - clicking on account link : [[ChromeDriver: chrome on WINDOWS (f0414a11ff26e4bb3f682bdf2a817238)] -> xpath: //button[@id='header-account-menu']]
2020-04-20 06:04:652 INFO  AccountPage :35 - clicking on sign in tab :[[ChromeDriver: chrome on WINDOWS (f0414a11ff26e4bb3f682bdf2a817238)] -> id: header-account-signin-button]
2020-04-20 06:04:204 INFO  SignInPage :40 - entering email address : Rocky123@yahoo.com to email field [[ChromeDriver: chrome on WINDOWS (f0414a11ff26e4bb3f682bdf2a817238)] -> xpath: //label[contains(@class,'text')]//input[contains(@name,'signin-loginid')]]
2020-04-20 06:04:871 INFO  SignInPage :46 - entering password : Chinki123 to password field [[ChromeDriver: chrome on WINDOWS (f0414a11ff26e4bb3f682bdf2a817238)] -> xpath: //fieldset[contains(@class,'no-padding')]//input[contains(@class,'clear-btn-input')]]
2020-04-20 06:04:242 INFO  SignInPage :52 - Clicking on sign in button : [[ChromeDriver: chrome on WINDOWS (f0414a11ff26e4bb3f682bdf2a817238)] -> id: gss-signin-submit]
2020-04-20 06:04:309 INFO  SignInPage :57 - Getting error message  [[ChromeDriver: chrome on WINDOWS (f0414a11ff26e4bb3f682bdf2a817238)] -> id: gss-signin-incorrect-email-or-password]
2020-04-20 07:04:411 INFO  BrowserSelector :21 - Launching Chrome Browser
2020-04-20 07:04:889 INFO  BrowserSelector :21 - Launching Chrome Browser
2020-04-20 07:04:447 INFO  BrowserSelector :21 - Launching Chrome Browser
2020-04-20 07:04:130 INFO  BrowserSelector :21 - Launching Chrome Browser
2020-04-20 07:04:574 INFO  BrowserSelector :21 - Launching Chrome Browser
2020-04-20 07:04:740 INFO  BrowserSelector :21 - Launching Chrome Browser
2020-04-20 07:04:455 INFO  BrowserSelector :21 - Launching Chrome Browser
2020-04-20 07:04:672 INFO  BrowserSelector :21 - Launching Chrome Browser
2020-04-20 07:04:421 INFO  BrowserSelector :21 - Launching Chrome Browser
2020-04-20 07:04:357 INFO  HomePage :36 - clicking on accept tab : [[ChromeDriver: chrome on WINDOWS (fbc6c8552da1bd9684dfcb1f8296931d)] -> xpath: //span[@class ='button-text']]
2020-04-20 07:04:780 INFO  AccountPage :29 - clicking on account link : [[ChromeDriver: chrome on WINDOWS (fbc6c8552da1bd9684dfcb1f8296931d)] -> xpath: //button[@id='header-account-menu']]
2020-04-20 07:04:828 INFO  AccountPage :35 - clicking on sign in tab :[[ChromeDriver: chrome on WINDOWS (fbc6c8552da1bd9684dfcb1f8296931d)] -> id: header-account-signin-button]
2020-04-20 07:04:446 INFO  SignInPage :40 - entering email address : Rocky123@yahoo.com to email field [[ChromeDriver: chrome on WINDOWS (fbc6c8552da1bd9684dfcb1f8296931d)] -> xpath: //label[contains(@class,'text')]//input[contains(@name,'signin-loginid')]]
2020-04-20 07:04:77 INFO  SignInPage :46 - entering password : Chinki123 to password field [[ChromeDriver: chrome on WINDOWS (fbc6c8552da1bd9684dfcb1f8296931d)] -> xpath: //fieldset[contains(@class,'no-padding')]//input[contains(@class,'clear-btn-input')]]
2020-04-20 07:04:516 INFO  SignInPage :52 - Clicking on sign in button : [[ChromeDriver: chrome on WINDOWS (fbc6c8552da1bd9684dfcb1f8296931d)] -> id: gss-signin-submit]
2020-04-20 07:04:675 INFO  SignInPage :57 - Getting error message  [[ChromeDriver: chrome on WINDOWS (fbc6c8552da1bd9684dfcb1f8296931d)] -> id: gss-signin-incorrect-email-or-password]
2020-04-20 07:04:802 INFO  BrowserSelector :21 - Launching Chrome Browser
2020-04-20 08:04:357 INFO  BrowserSelector :21 - Launching Chrome Browser
2020-04-20 08:04:869 INFO  BrowserSelector :21 - Launching Chrome Browser
2020-04-20 08:04:692 INFO  BrowserSelector :21 - Launching Chrome Browser
2020-04-20 08:04:35 INFO  BrowserSelector :21 - Launching Chrome Browser
2020-04-20 08:04:923 INFO  HomePage :37 - clicking on accept tab : [[ChromeDriver: chrome on WINDOWS (813709832c65a2da2bab3da068ab82d8)] -> xpath: //span[@class ='button-text']]
2020-04-20 08:04:355 INFO  HomePage :30 - clicking on flights tab : [[ChromeDriver: chrome on WINDOWS (813709832c65a2da2bab3da068ab82d8)] -> xpath: //ul[contains(@class,'utility-nav nav-group cf')]//a[contains(text(),'Flights')]]
2020-04-20 08:04:563 INFO  FlightsPage :54 - clicking on flying from : [[ChromeDriver: chrome on WINDOWS (813709832c65a2da2bab3da068ab82d8)] -> xpath: //div[@class='col gcw-location-field']//label[@class='text icon-before autocomplete-arrow gcw-flights-from']//input[@placeholder='City or airport']]
2020-04-20 08:04:278 INFO  FlightsPage :60 - entering flying from : Aucklandinto flying from field[[ChromeDriver: chrome on WINDOWS (813709832c65a2da2bab3da068ab82d8)] -> xpath: //div[@class='col gcw-location-field']//label[@class='text icon-before autocomplete-arrow gcw-flights-from']//input[@placeholder='City or airport']]
2020-04-20 08:04:221 INFO  FlightsPage :68 - clicking on going to  : [[ChromeDriver: chrome on WINDOWS (813709832c65a2da2bab3da068ab82d8)] -> xpath: //div[contains(@class,'col gcw-location-field')]//label[contains(@class,'text icon-before autocomplete-arrow gcw-flights-to')]//input[contains(@placeholder,'City or airport')]]
2020-04-20 08:04:50 INFO  FlightsPage :74 - entering going to  : Ahmedabadinto going to field[[ChromeDriver: chrome on WINDOWS (813709832c65a2da2bab3da068ab82d8)] -> xpath: //div[contains(@class,'col gcw-location-field')]//label[contains(@class,'text icon-before autocomplete-arrow gcw-flights-to')]//input[contains(@placeholder,'City or airport')]]
2020-04-20 08:04:964 INFO  FlightsPage :80 - entering departure date : 20/10/2020into departing date field [[ChromeDriver: chrome on WINDOWS (813709832c65a2da2bab3da068ab82d8)] -> xpath: //body/meso-native-marquee/section/div/div/div/section/div/div/div/section/form/fieldset/div/div[2]/div[1]/label[1]/input[1]]
2020-04-20 08:04:653 INFO  FlightsPage :92 - clearing autofeed returing date : [[ChromeDriver: chrome on WINDOWS (813709832c65a2da2bab3da068ab82d8)] -> xpath: //body/meso-native-marquee/section/div/div/div/section/div/div/div/section/form/fieldset/div/div[3]/div[1]/label[1]/input[1]]
2020-04-20 08:04:207 INFO  FlightsPage :86 - entering returing date : 1/11/2020into returning date field [[ChromeDriver: chrome on WINDOWS (813709832c65a2da2bab3da068ab82d8)] -> xpath: //body/meso-native-marquee/section/div/div/div/section/div/div/div/section/form/fieldset/div/div[3]/div[1]/label[1]/input[1]]
2020-04-20 08:04:544 INFO  FlightsPage :98 - clicking on travellers : [[ChromeDriver: chrome on WINDOWS (813709832c65a2da2bab3da068ab82d8)] -> xpath: //body/meso-native-marquee/section/div/div/div/section/div/div/div/section/form/fieldset/div/div/div/div/ul/li/button[1]]
2020-04-20 08:04:886 INFO  FlightsPage :105 - adding adults : [[ChromeDriver: chrome on WINDOWS (813709832c65a2da2bab3da068ab82d8)] -> xpath: //button[@class="uitk-step-input-button uitk-step-input-plus"]]
2020-04-20 08:04:419 INFO  FlightsPage :111 - clicking close : Proxy element for: DefaultElementLocator 'By.xpath: //li[contains(@class,'open')]//button[contains(@class,'close btn-text')]'
2020-04-20 08:04:18 INFO  FlightsPage :117 - clicking search button  : Proxy element for: DefaultElementLocator 'By.xpath: //div[9]//label[1]//button[1]'
2020-04-20 08:04:69 INFO  FlightsPage :122 - Getting text from : [[ChromeDriver: chrome on WINDOWS (813709832c65a2da2bab3da068ab82d8)] -> xpath: //span[@class="title-city-text"]]
2020-04-20 08:04:76 INFO  BrowserSelector :21 - Launching Chrome Browser
2020-04-20 08:04:866 INFO  HomePage :37 - clicking on accept tab : [[ChromeDriver: chrome on WINDOWS (89248b3e9bb3afa5501c593def5a7087)] -> xpath: //span[@class ='button-text']]
2020-04-20 08:04:204 INFO  AccountPage :28 - clicking on account link : [[ChromeDriver: chrome on WINDOWS (89248b3e9bb3afa5501c593def5a7087)] -> xpath: //button[@id='header-account-menu']]
2020-04-20 08:04:308 INFO  AccountPage :34 - clicking on sign in tab :[[ChromeDriver: chrome on WINDOWS (89248b3e9bb3afa5501c593def5a7087)] -> id: header-account-signin-button]
2020-04-20 08:04:759 INFO  SignInPage :39 - entering email address : Rocky123@yahoo.com to email field [[ChromeDriver: chrome on WINDOWS (89248b3e9bb3afa5501c593def5a7087)] -> xpath: //label[contains(@class,'text')]//input[contains(@name,'signin-loginid')]]
2020-04-20 08:04:448 INFO  SignInPage :45 - entering password : Chinki123 to password field [[ChromeDriver: chrome on WINDOWS (89248b3e9bb3afa5501c593def5a7087)] -> xpath: //fieldset[contains(@class,'no-padding')]//input[contains(@class,'clear-btn-input')]]
2020-04-20 08:04:794 INFO  SignInPage :51 - Clicking on sign in button : [[ChromeDriver: chrome on WINDOWS (89248b3e9bb3afa5501c593def5a7087)] -> id: gss-signin-submit]
2020-04-20 08:04:867 INFO  SignInPage :56 - Getting error message  [[ChromeDriver: chrome on WINDOWS (89248b3e9bb3afa5501c593def5a7087)] -> id: gss-signin-incorrect-email-or-password]
2020-04-20 08:04:31 INFO  BrowserSelector :21 - Launching Chrome Browser
2020-04-20 08:04:247 INFO  HomePage :37 - clicking on accept tab : [[ChromeDriver: chrome on WINDOWS (4247b2c2ed2fa9a461dc60aa657d5e38)] -> xpath: //span[@class ='button-text']]
2020-04-20 08:04:675 INFO  HomePage :30 - clicking on flights tab : [[ChromeDriver: chrome on WINDOWS (4247b2c2ed2fa9a461dc60aa657d5e38)] -> xpath: //ul[contains(@class,'utility-nav nav-group cf')]//a[contains(text(),'Flights')]]
2020-04-20 08:04:349 INFO  FlightsPage :54 - clicking on flying from : [[ChromeDriver: chrome on WINDOWS (4247b2c2ed2fa9a461dc60aa657d5e38)] -> xpath: //div[@class='col gcw-location-field']//label[@class='text icon-before autocomplete-arrow gcw-flights-from']//input[@placeholder='City or airport']]
2020-04-20 08:04:122 INFO  FlightsPage :60 - entering flying from : Aucklandinto flying from field[[ChromeDriver: chrome on WINDOWS (4247b2c2ed2fa9a461dc60aa657d5e38)] -> xpath: //div[@class='col gcw-location-field']//label[@class='text icon-before autocomplete-arrow gcw-flights-from']//input[@placeholder='City or airport']]
2020-04-20 08:04:669 INFO  FlightsPage :68 - clicking on going to  : [[ChromeDriver: chrome on WINDOWS (4247b2c2ed2fa9a461dc60aa657d5e38)] -> xpath: //div[contains(@class,'col gcw-location-field')]//label[contains(@class,'text icon-before autocomplete-arrow gcw-flights-to')]//input[contains(@placeholder,'City or airport')]]
2020-04-20 08:04:229 INFO  FlightsPage :74 - entering going to  : Ahmedabadinto going to field[[ChromeDriver: chrome on WINDOWS (4247b2c2ed2fa9a461dc60aa657d5e38)] -> xpath: //div[contains(@class,'col gcw-location-field')]//label[contains(@class,'text icon-before autocomplete-arrow gcw-flights-to')]//input[contains(@placeholder,'City or airport')]]
2020-04-20 08:04:163 INFO  FlightsPage :80 - entering departure date : 20/10/2020into departing date field [[ChromeDriver: chrome on WINDOWS (4247b2c2ed2fa9a461dc60aa657d5e38)] -> xpath: //body/meso-native-marquee/section/div/div/div/section/div/div/div/section/form/fieldset/div/div[2]/div[1]/label[1]/input[1]]
2020-04-20 08:04:883 INFO  FlightsPage :92 - clearing autofeed returing date : [[ChromeDriver: chrome on WINDOWS (4247b2c2ed2fa9a461dc60aa657d5e38)] -> xpath: //body/meso-native-marquee/section/div/div/div/section/div/div/div/section/form/fieldset/div/div[3]/div[1]/label[1]/input[1]]
2020-04-20 08:04:359 INFO  FlightsPage :86 - entering returing date : 1/11/2020into returning date field [[ChromeDriver: chrome on WINDOWS (4247b2c2ed2fa9a461dc60aa657d5e38)] -> xpath: //body/meso-native-marquee/section/div/div/div/section/div/div/div/section/form/fieldset/div/div[3]/div[1]/label[1]/input[1]]
2020-04-20 08:04:644 INFO  FlightsPage :98 - clicking on travellers : [[ChromeDriver: chrome on WINDOWS (4247b2c2ed2fa9a461dc60aa657d5e38)] -> xpath: //body/meso-native-marquee/section/div/div/div/section/div/div/div/section/form/fieldset/div/div/div/div/ul/li/button[1]]
2020-04-20 08:04:970 INFO  FlightsPage :105 - adding adults : [[ChromeDriver: chrome on WINDOWS (4247b2c2ed2fa9a461dc60aa657d5e38)] -> xpath: //button[@class="uitk-step-input-button uitk-step-input-plus"]]
2020-04-20 08:04:299 INFO  FlightsPage :111 - clicking close : Proxy element for: DefaultElementLocator 'By.xpath: //li[contains(@class,'open')]//button[contains(@class,'close btn-text')]'
2020-04-20 08:04:602 INFO  FlightsPage :117 - clicking search button  : Proxy element for: DefaultElementLocator 'By.xpath: //div[9]//label[1]//button[1]'
2020-04-20 08:04:696 INFO  FlightsPage :122 - Getting text from : [[ChromeDriver: chrome on WINDOWS (4247b2c2ed2fa9a461dc60aa657d5e38)] -> xpath: //span[@class="title-city-text"]]
2020-04-20 11:04:935 INFO  BrowserSelector :21 - Launching Chrome Browser
2020-04-20 11:04:819 INFO  HomePage :37 - clicking on accept tab : [[ChromeDriver: chrome on WINDOWS (9f3f70c478b250e8d5580f02839fc06b)] -> xpath: //span[@class ='button-text']]
2020-04-20 11:04:204 INFO  HomePage :30 - clicking on flights tab : [[ChromeDriver: chrome on WINDOWS (9f3f70c478b250e8d5580f02839fc06b)] -> xpath: //ul[contains(@class,'utility-nav nav-group cf')]//a[contains(text(),'Flights')]]
2020-04-20 11:04:61 INFO  FlightsPage :54 - clicking on flying from : [[ChromeDriver: chrome on WINDOWS (9f3f70c478b250e8d5580f02839fc06b)] -> xpath: //div[@class='col gcw-location-field']//label[@class='text icon-before autocomplete-arrow gcw-flights-from']//input[@placeholder='City or airport']]
2020-04-20 11:04:841 INFO  FlightsPage :60 - entering flying from : Aucklandinto flying from field[[ChromeDriver: chrome on WINDOWS (9f3f70c478b250e8d5580f02839fc06b)] -> xpath: //div[@class='col gcw-location-field']//label[@class='text icon-before autocomplete-arrow gcw-flights-from']//input[@placeholder='City or airport']]
2020-04-20 11:04:641 INFO  FlightsPage :68 - clicking on going to  : [[ChromeDriver: chrome on WINDOWS (9f3f70c478b250e8d5580f02839fc06b)] -> xpath: //div[contains(@class,'col gcw-location-field')]//label[contains(@class,'text icon-before autocomplete-arrow gcw-flights-to')]//input[contains(@placeholder,'City or airport')]]
2020-04-20 11:04:385 INFO  FlightsPage :74 - entering going to  : Ahmedabadinto going to field[[ChromeDriver: chrome on WINDOWS (9f3f70c478b250e8d5580f02839fc06b)] -> xpath: //div[contains(@class,'col gcw-location-field')]//label[contains(@class,'text icon-before autocomplete-arrow gcw-flights-to')]//input[contains(@placeholder,'City or airport')]]
2020-04-20 11:04:355 INFO  FlightsPage :80 - entering departure date : 20/10/2020into departing date field [[ChromeDriver: chrome on WINDOWS (9f3f70c478b250e8d5580f02839fc06b)] -> xpath: //body/meso-native-marquee/section/div/div/div/section/div/div/div/section/form/fieldset/div/div[2]/div[1]/label[1]/input[1]]
2020-04-20 11:04:37 INFO  FlightsPage :92 - clearing autofeed returing date : [[ChromeDriver: chrome on WINDOWS (9f3f70c478b250e8d5580f02839fc06b)] -> xpath: //body/meso-native-marquee/section/div/div/div/section/div/div/div/section/form/fieldset/div/div[3]/div[1]/label[1]/input[1]]
2020-04-20 11:04:520 INFO  FlightsPage :86 - entering returing date : 1/11/2020into returning date field [[ChromeDriver: chrome on WINDOWS (9f3f70c478b250e8d5580f02839fc06b)] -> xpath: //body/meso-native-marquee/section/div/div/div/section/div/div/div/section/form/fieldset/div/div[3]/div[1]/label[1]/input[1]]
2020-04-20 11:04:849 INFO  FlightsPage :98 - clicking on travellers : [[ChromeDriver: chrome on WINDOWS (9f3f70c478b250e8d5580f02839fc06b)] -> xpath: //body/meso-native-marquee/section/div/div/div/section/div/div/div/section/form/fieldset/div/div/div/div/ul/li/button[1]]
2020-04-20 11:04:230 INFO  FlightsPage :105 - adding adults : [[ChromeDriver: chrome on WINDOWS (9f3f70c478b250e8d5580f02839fc06b)] -> xpath: //button[@class="uitk-step-input-button uitk-step-input-plus"]]
2020-04-20 11:04:552 INFO  FlightsPage :111 - clicking close : Proxy element for: DefaultElementLocator 'By.xpath: //li[contains(@class,'open')]//button[contains(@class,'close btn-text')]'
2020-04-20 11:04:911 INFO  FlightsPage :117 - clicking search button  : Proxy element for: DefaultElementLocator 'By.xpath: //div[9]//label[1]//button[1]'
2020-04-20 11:04:974 INFO  FlightsPage :122 - Getting text from : [[ChromeDriver: chrome on WINDOWS (9f3f70c478b250e8d5580f02839fc06b)] -> xpath: //span[@class="title-city-text"]]
